14:02:09 [INFO] Creating window and event loop
14:02:09 [TRACE] (1) mio::poll: [/home/stroby/.cargo/registry/src/github.com-1ecc6299db9ec823/mio-0.8.5/src/poll.rs:532] registering event source with poller: token=Token(0), interests=READABLE
14:02:09 [INFO] Guessed window scale factor: 1
14:02:09 [DEBUG] (1) winit::platform_impl::platform::x11::window: Calculated physical dimensions: 1920x1080
14:02:09 [INFO] Creating App
14:02:10 [INFO] GENERAL - "linux_read_sorted_physical_devices:"
14:02:10 [INFO] GENERAL - "     Original order:"
14:02:10 [INFO] GENERAL - "           [0] NVIDIA GeForce GTX 1060 6GB"
14:02:10 [INFO] GENERAL - "     Sorted order:"
14:02:10 [INFO] GENERAL - "           [0] NVIDIA GeForce GTX 1060 6GB  "
14:02:10 [INFO] GENERAL - "linux_read_sorted_physical_devices:"
14:02:10 [INFO] GENERAL - "     Original order:"
14:02:10 [INFO] GENERAL - "           [0] NVIDIA GeForce GTX 1060 6GB"
14:02:10 [INFO] GENERAL - "     Sorted order:"
14:02:10 [INFO] GENERAL - "           [0] NVIDIA GeForce GTX 1060 6GB  "
14:02:10 [DEBUG] (1) vulkan::context: Choosing Vulkan physical device
14:02:10 [INFO] Selected physical device: "NVIDIA GeForce GTX 1060 6GB"
14:02:10 [INFO] GENERAL - "       Using \"NVIDIA GeForce GTX 1060 6GB\" with driver: \"libGLX_nvidia.so.0\"\n"
14:02:10 [DEBUG] (1) vulkan::context: Ray tracing pipeline properties PhysicalDeviceRayTracingPipelinePropertiesKHR {
    s_type: PHYSICAL_DEVICE_RAY_TRACING_PIPELINE_PROPERTIES_KHR,
    p_next: 0x0000000000000000,
    shader_group_handle_size: 32,
    max_ray_recursion_depth: 31,
    max_shader_group_stride: 4096,
    shader_group_base_alignment: 64,
    shader_group_handle_capture_replay_size: 32,
    max_ray_dispatch_invocation_count: 1073741824,
    shader_group_handle_alignment: 32,
    max_ray_hit_attribute_size: 32,
}
14:02:10 [DEBUG] (1) vulkan::context: Acceleration structure properties PhysicalDeviceAccelerationStructurePropertiesKHR {
    s_type: PHYSICAL_DEVICE_ACCELERATION_STRUCTURE_PROPERTIES_KHR,
    p_next: 0x0000000000000000,
    max_geometry_count: 16777215,
    max_instance_count: 16777215,
    max_primitive_count: 536870911,
    max_per_stage_descriptor_acceleration_structures: 1048576,
    max_per_stage_descriptor_update_after_bind_acceleration_structures: 1048576,
    max_descriptor_set_acceleration_structures: 1048576,
    max_descriptor_set_update_after_bind_acceleration_structures: 1048576,
    min_acceleration_structure_scratch_offset_alignment: 128,
}
14:02:10 [DEBUG] (1) vulkan::swapchain: Creating vulkan swapchain
14:02:10 [DEBUG] (1) vulkan::swapchain: Swapchain format: SurfaceFormatKHR { format: B8G8R8A8_UNORM, color_space: SRGB_NONLINEAR }
14:02:10 [DEBUG] (1) vulkan::swapchain: Swapchain present mode: IMMEDIATE
14:02:10 [DEBUG] (1) vulkan::swapchain: Swapchain extent: Extent2D { width: 1920, height: 1007 }
14:02:10 [DEBUG] (1) vulkan::swapchain: Swapchain image count: 3
14:02:10 [DEBUG] (1) gpu_allocator::vulkan: Allocating `image` of 7864320 bytes with an alignment of 1024.
14:02:10 [DEBUG] (1) gpu_allocator::vulkan: Allocating `image` of 7864320 bytes with an alignment of 1024.
14:02:10 [DEBUG] (1) gpu_allocator::vulkan: Allocating `image` of 7864320 bytes with an alignment of 1024.
14:02:10 [DEBUG] (1) gpu_allocator::vulkan: Allocating `buffer` of 256 bytes with an alignment of 256.
14:02:10 [DEBUG] (1) gpu_allocator::vulkan: Allocating `buffer` of 123776 bytes with an alignment of 4.
14:02:10 [DEBUG] (1) gpu_allocator::vulkan: Allocating `buffer` of 123904 bytes with an alignment of 256.
14:02:10 [DEBUG] (1) gpu_allocator::vulkan: Freeing `buffer`.
14:02:10 [DEBUG] (1) gpu_allocator::vulkan: Allocating `buffer` of 43272 bytes with an alignment of 4.
14:02:10 [DEBUG] (1) gpu_allocator::vulkan: Allocating `buffer` of 43520 bytes with an alignment of 256.
14:02:10 [DEBUG] (1) gpu_allocator::vulkan: Freeing `buffer`.
14:02:10 [DEBUG] (1) gpu_allocator::vulkan: Allocating `buffer` of 240 bytes with an alignment of 4.
14:02:10 [DEBUG] (1) gpu_allocator::vulkan: Allocating `buffer` of 256 bytes with an alignment of 256.
14:02:10 [DEBUG] (1) gpu_allocator::vulkan: Freeing `buffer`.
14:02:10 [DEBUG] (1) gpu_allocator::vulkan: Allocating `image` of 512 bytes with an alignment of 1024.
14:02:10 [DEBUG] (1) gpu_allocator::vulkan: Allocating `buffer` of 480 bytes with an alignment of 4.
14:02:10 [DEBUG] (1) gpu_allocator::vulkan: Allocating `buffer` of 480 bytes with an alignment of 16.
14:02:10 [DEBUG] (1) gpu_allocator::vulkan: Freeing `buffer`.
14:02:10 [DEBUG] (1) gpu_allocator::vulkan: Allocating `buffer` of 333568 bytes with an alignment of 256.
14:02:10 [DEBUG] (1) gpu_allocator::vulkan: Allocating `buffer` of 150144 bytes with an alignment of 16.
14:02:10 [DEBUG] (1) gpu_allocator::vulkan: Freeing `buffer`.
14:02:10 [DEBUG] (1) gpu_allocator::vulkan: Allocating `buffer` of 64 bytes with an alignment of 4.
14:02:10 [DEBUG] (1) gpu_allocator::vulkan: Allocating `buffer` of 256 bytes with an alignment of 256.
14:02:10 [DEBUG] (1) gpu_allocator::vulkan: Freeing `buffer`.
14:02:10 [DEBUG] (1) gpu_allocator::vulkan: Allocating `buffer` of 1792 bytes with an alignment of 256.
14:02:10 [DEBUG] (1) gpu_allocator::vulkan: Allocating `buffer` of 640 bytes with an alignment of 16.
14:02:10 [DEBUG] (1) gpu_allocator::vulkan: Freeing `buffer`.
14:02:10 [DEBUG] (1) gpu_allocator::vulkan: Allocating `buffer` of 256 bytes with an alignment of 256.
14:02:10 [DEBUG] (1) imgui_rs_vulkan_renderer::renderer: Creating imgui renderer with options Options { in_flight_frames: 2, enable_depth_test: false, enable_depth_write: false }
14:02:10 [DEBUG] (1) imgui_rs_vulkan_renderer::renderer::vulkan: Creating vulkan descriptor set layout
14:02:10 [DEBUG] (1) imgui_rs_vulkan_renderer::renderer::vulkan: Creating vulkan pipeline layout
14:02:10 [DEBUG] (1) gpu_allocator::vulkan: Allocating `` of 262144 bytes with an alignment of 4.
14:02:10 [DEBUG] (1) gpu_allocator::vulkan: Allocating `` of 262144 bytes with an alignment of 1024.
14:02:10 [DEBUG] (1) gpu_allocator::vulkan: Freeing ``.
14:02:10 [DEBUG] (1) imgui_rs_vulkan_renderer::renderer::vulkan: Creating vulkan descriptor pool
14:02:10 [DEBUG] (1) imgui_rs_vulkan_renderer::renderer::vulkan: Creating vulkan descriptor set
14:02:10 [DEBUG] (1) app: Window has been resized
14:02:10 [DEBUG] (1) app: Recreating the swapchain
14:02:10 [DEBUG] (1) vulkan::swapchain: Resizing vulkan swapchain to 1920x1007
14:02:10 [DEBUG] (1) vulkan::swapchain: Swapchain extent: Extent2D { width: 1920, height: 1007 }
14:02:11 [DEBUG] (1) gpu_allocator::vulkan: Allocating `image` of 7864320 bytes with an alignment of 1024.
14:02:11 [DEBUG] (1) gpu_allocator::vulkan: Allocating `image` of 7864320 bytes with an alignment of 1024.
14:02:11 [DEBUG] (1) gpu_allocator::vulkan: Freeing `image`.
14:02:11 [DEBUG] (1) gpu_allocator::vulkan: Freeing `image`.
14:02:11 [DEBUG] (1) gpu_allocator::vulkan: Freeing `image`.
14:02:11 [DEBUG] (1) gpu_allocator::vulkan: Allocating `` of 15408 bytes with an alignment of 16.
14:02:11 [DEBUG] (1) gpu_allocator::vulkan: Allocating `` of 2828 bytes with an alignment of 4.
14:02:11 [DEBUG] (1) gpu_allocator::vulkan: Allocating `` of 15408 bytes with an alignment of 16.
14:02:11 [DEBUG] (1) gpu_allocator::vulkan: Allocating `` of 2828 bytes with an alignment of 4.
14:02:11 [TRACE] (1) imgui_rs_vulkan_renderer::renderer::mesh: [/home/stroby/.cargo/registry/src/github.com-1ecc6299db9ec823/imgui-rs-vulkan-renderer-1.6.0/src/renderer/mod.rs:736] Resizing vertex buffers
14:02:11 [DEBUG] (1) gpu_allocator::vulkan: Allocating `` of 16128 bytes with an alignment of 16.
14:02:11 [DEBUG] (1) gpu_allocator::vulkan: Freeing ``.
14:02:11 [TRACE] (1) imgui_rs_vulkan_renderer::renderer::mesh: [/home/stroby/.cargo/registry/src/github.com-1ecc6299db9ec823/imgui-rs-vulkan-renderer-1.6.0/src/renderer/mod.rs:756] Resizing index buffers
14:02:11 [DEBUG] (1) gpu_allocator::vulkan: Allocating `` of 2936 bytes with an alignment of 4.
14:02:11 [DEBUG] (1) gpu_allocator::vulkan: Freeing ``.
14:02:11 [TRACE] (1) imgui_rs_vulkan_renderer::renderer::mesh: [/home/stroby/.cargo/registry/src/github.com-1ecc6299db9ec823/imgui-rs-vulkan-renderer-1.6.0/src/renderer/mod.rs:736] Resizing vertex buffers
14:02:11 [DEBUG] (1) gpu_allocator::vulkan: Allocating `` of 17088 bytes with an alignment of 16.
14:02:11 [DEBUG] (1) gpu_allocator::vulkan: Freeing ``.
14:02:11 [TRACE] (1) imgui_rs_vulkan_renderer::renderer::mesh: [/home/stroby/.cargo/registry/src/github.com-1ecc6299db9ec823/imgui-rs-vulkan-renderer-1.6.0/src/renderer/mod.rs:756] Resizing index buffers
14:02:11 [DEBUG] (1) gpu_allocator::vulkan: Allocating `` of 3080 bytes with an alignment of 4.
14:02:11 [DEBUG] (1) gpu_allocator::vulkan: Freeing ``.
14:02:11 [TRACE] (1) imgui_rs_vulkan_renderer::renderer::mesh: [/home/stroby/.cargo/registry/src/github.com-1ecc6299db9ec823/imgui-rs-vulkan-renderer-1.6.0/src/renderer/mod.rs:736] Resizing vertex buffers
14:02:11 [DEBUG] (1) gpu_allocator::vulkan: Allocating `` of 16768 bytes with an alignment of 16.
14:02:11 [DEBUG] (1) gpu_allocator::vulkan: Freeing ``.
14:02:11 [TRACE] (1) imgui_rs_vulkan_renderer::renderer::mesh: [/home/stroby/.cargo/registry/src/github.com-1ecc6299db9ec823/imgui-rs-vulkan-renderer-1.6.0/src/renderer/mod.rs:756] Resizing index buffers
14:02:11 [DEBUG] (1) gpu_allocator::vulkan: Allocating `` of 3032 bytes with an alignment of 4.
14:02:11 [DEBUG] (1) gpu_allocator::vulkan: Freeing ``.
14:02:11 [TRACE] (1) imgui_rs_vulkan_renderer::renderer::mesh: [/home/stroby/.cargo/registry/src/github.com-1ecc6299db9ec823/imgui-rs-vulkan-renderer-1.6.0/src/renderer/mod.rs:736] Resizing vertex buffers
14:02:11 [DEBUG] (1) gpu_allocator::vulkan: Allocating `` of 16848 bytes with an alignment of 16.
14:02:11 [DEBUG] (1) gpu_allocator::vulkan: Freeing ``.
14:02:11 [TRACE] (1) imgui_rs_vulkan_renderer::renderer::mesh: [/home/stroby/.cargo/registry/src/github.com-1ecc6299db9ec823/imgui-rs-vulkan-renderer-1.6.0/src/renderer/mod.rs:756] Resizing index buffers
14:02:11 [DEBUG] (1) gpu_allocator::vulkan: Allocating `` of 3044 bytes with an alignment of 4.
14:02:11 [DEBUG] (1) gpu_allocator::vulkan: Freeing ``.
14:02:11 [TRACE] (1) imgui_rs_vulkan_renderer::renderer::mesh: [/home/stroby/.cargo/registry/src/github.com-1ecc6299db9ec823/imgui-rs-vulkan-renderer-1.6.0/src/renderer/mod.rs:736] Resizing vertex buffers
14:02:11 [DEBUG] (1) gpu_allocator::vulkan: Allocating `` of 16928 bytes with an alignment of 16.
14:02:11 [DEBUG] (1) gpu_allocator::vulkan: Freeing ``.
14:02:11 [TRACE] (1) imgui_rs_vulkan_renderer::renderer::mesh: [/home/stroby/.cargo/registry/src/github.com-1ecc6299db9ec823/imgui-rs-vulkan-renderer-1.6.0/src/renderer/mod.rs:756] Resizing index buffers
14:02:11 [DEBUG] (1) gpu_allocator::vulkan: Allocating `` of 3056 bytes with an alignment of 4.
14:02:11 [DEBUG] (1) gpu_allocator::vulkan: Freeing ``.
14:02:11 [TRACE] (1) imgui_rs_vulkan_renderer::renderer::mesh: [/home/stroby/.cargo/registry/src/github.com-1ecc6299db9ec823/imgui-rs-vulkan-renderer-1.6.0/src/renderer/mod.rs:736] Resizing vertex buffers
14:02:11 [DEBUG] (1) gpu_allocator::vulkan: Allocating `` of 17008 bytes with an alignment of 16.
14:02:11 [DEBUG] (1) gpu_allocator::vulkan: Freeing ``.
14:02:11 [TRACE] (1) imgui_rs_vulkan_renderer::renderer::mesh: [/home/stroby/.cargo/registry/src/github.com-1ecc6299db9ec823/imgui-rs-vulkan-renderer-1.6.0/src/renderer/mod.rs:756] Resizing index buffers
14:02:11 [DEBUG] (1) gpu_allocator::vulkan: Allocating `` of 3068 bytes with an alignment of 4.
14:02:11 [DEBUG] (1) gpu_allocator::vulkan: Freeing ``.
14:02:21 [TRACE] (1) imgui_rs_vulkan_renderer::renderer::mesh: [/home/stroby/.cargo/registry/src/github.com-1ecc6299db9ec823/imgui-rs-vulkan-renderer-1.6.0/src/renderer/mod.rs:736] Resizing vertex buffers
14:02:21 [DEBUG] (1) gpu_allocator::vulkan: Allocating `` of 17088 bytes with an alignment of 16.
14:02:21 [DEBUG] (1) gpu_allocator::vulkan: Freeing ``.
14:02:21 [TRACE] (1) imgui_rs_vulkan_renderer::renderer::mesh: [/home/stroby/.cargo/registry/src/github.com-1ecc6299db9ec823/imgui-rs-vulkan-renderer-1.6.0/src/renderer/mod.rs:756] Resizing index buffers
14:02:21 [DEBUG] (1) gpu_allocator::vulkan: Allocating `` of 3080 bytes with an alignment of 4.
14:02:21 [DEBUG] (1) gpu_allocator::vulkan: Freeing ``.
14:05:33 [TRACE] (1) imgui_rs_vulkan_renderer::renderer::mesh: [/home/stroby/.cargo/registry/src/github.com-1ecc6299db9ec823/imgui-rs-vulkan-renderer-1.6.0/src/renderer/mod.rs:736] Resizing vertex buffers
14:05:33 [DEBUG] (1) gpu_allocator::vulkan: Allocating `` of 17168 bytes with an alignment of 16.
14:05:33 [DEBUG] (1) gpu_allocator::vulkan: Freeing ``.
14:05:33 [TRACE] (1) imgui_rs_vulkan_renderer::renderer::mesh: [/home/stroby/.cargo/registry/src/github.com-1ecc6299db9ec823/imgui-rs-vulkan-renderer-1.6.0/src/renderer/mod.rs:756] Resizing index buffers
14:05:33 [DEBUG] (1) gpu_allocator::vulkan: Allocating `` of 3092 bytes with an alignment of 4.
14:05:33 [DEBUG] (1) gpu_allocator::vulkan: Freeing ``.
14:05:33 [TRACE] (1) imgui_rs_vulkan_renderer::renderer::mesh: [/home/stroby/.cargo/registry/src/github.com-1ecc6299db9ec823/imgui-rs-vulkan-renderer-1.6.0/src/renderer/mod.rs:736] Resizing vertex buffers
14:05:33 [DEBUG] (1) gpu_allocator::vulkan: Allocating `` of 17168 bytes with an alignment of 16.
14:05:33 [DEBUG] (1) gpu_allocator::vulkan: Freeing ``.
14:05:33 [TRACE] (1) imgui_rs_vulkan_renderer::renderer::mesh: [/home/stroby/.cargo/registry/src/github.com-1ecc6299db9ec823/imgui-rs-vulkan-renderer-1.6.0/src/renderer/mod.rs:756] Resizing index buffers
14:05:33 [DEBUG] (1) gpu_allocator::vulkan: Allocating `` of 3092 bytes with an alignment of 4.
14:05:33 [DEBUG] (1) gpu_allocator::vulkan: Freeing ``.
14:05:37 [TRACE] (1) imgui_rs_vulkan_renderer::renderer::mesh: [/home/stroby/.cargo/registry/src/github.com-1ecc6299db9ec823/imgui-rs-vulkan-renderer-1.6.0/src/renderer/mod.rs:736] Resizing vertex buffers
14:05:37 [DEBUG] (1) gpu_allocator::vulkan: Allocating `` of 17248 bytes with an alignment of 16.
14:05:37 [DEBUG] (1) gpu_allocator::vulkan: Freeing ``.
14:05:37 [TRACE] (1) imgui_rs_vulkan_renderer::renderer::mesh: [/home/stroby/.cargo/registry/src/github.com-1ecc6299db9ec823/imgui-rs-vulkan-renderer-1.6.0/src/renderer/mod.rs:756] Resizing index buffers
14:05:37 [DEBUG] (1) gpu_allocator::vulkan: Allocating `` of 3104 bytes with an alignment of 4.
14:05:37 [DEBUG] (1) gpu_allocator::vulkan: Freeing ``.
14:05:52 [DEBUG] (1) gpu_allocator::vulkan: Freeing `buffer`.
14:05:52 [DEBUG] (1) gpu_allocator::vulkan: Freeing `buffer`.
14:05:52 [DEBUG] (1) gpu_allocator::vulkan: Freeing `buffer`.
14:05:52 [DEBUG] (1) gpu_allocator::vulkan: Freeing `buffer`.
14:05:52 [DEBUG] (1) gpu_allocator::vulkan: Freeing `image`.
14:05:52 [DEBUG] (1) gpu_allocator::vulkan: Freeing `buffer`.
14:05:52 [DEBUG] (1) gpu_allocator::vulkan: Freeing `buffer`.
14:05:52 [DEBUG] (1) gpu_allocator::vulkan: Freeing `buffer`.
14:05:52 [DEBUG] (1) gpu_allocator::vulkan: Freeing `buffer`.
14:05:52 [DEBUG] (1) gpu_allocator::vulkan: Freeing `buffer`.
14:05:52 [DEBUG] (1) imgui_rs_vulkan_renderer::renderer: Destroying ImGui Renderer
14:05:52 [DEBUG] (1) gpu_allocator::vulkan: Freeing ``.
14:05:52 [DEBUG] (1) gpu_allocator::vulkan: Freeing ``.
14:05:52 [DEBUG] (1) gpu_allocator::vulkan: Freeing ``.
14:05:52 [DEBUG] (1) gpu_allocator::vulkan: Freeing ``.
14:05:52 [DEBUG] (1) gpu_allocator::vulkan: Freeing ``.
14:05:53 [DEBUG] (1) gpu_allocator::vulkan: Freeing `image`.
14:05:53 [DEBUG] (1) gpu_allocator::vulkan: Freeing `image`.
